<?xml version="1.0" encoding="UTF-8"?>
<testsuite xmlns:xsi="http://www.w3.org/2001/XMLSchema-instance" xsi:noNamespaceSchemaLocation="https://maven.apache.org/surefire/maven-surefire-plugin/xsd/surefire-test-report-3.0.xsd" version="3.0" name="com.example.sqlparser.parser.SqlParserAdvancedTest" time="0.029" tests="11" errors="0" skipped="0" failures="0">
  <properties>
[...]
</properties>
  <testcase name="testGetAllTablesForInsert" classname="com.example.sqlparser.parser.SqlParserAdvancedTest" time="0.006"/>
  <testcase name="testUpdateMultipleAssignments" classname="com.example.sqlparser.parser.SqlParserAdvancedTest" time="0.0"/>
  <testcase name="testGetAllTablesWithJoin" classname="com.example.sqlparser.parser.SqlParserAdvancedTest" time="0.002"/>
  <testcase name="testUpdateWithJoin" classname="com.example.sqlparser.parser.SqlParserAdvancedTest" time="0.0"/>
  <testcase name="testDeleteWithComplexWhere" classname="com.example.sqlparser.parser.SqlParserAdvancedTest" time="0.001"/>
  <testcase name="testComplexQueryWithLimit" classname="com.example.sqlparser.parser.SqlParserAdvancedTest" time="0.002"/>
  <testcase name="testSelectExpressionLineage" classname="com.example.sqlparser.parser.SqlParserAdvancedTest" time="0.0"/>
  <testcase name="testUnionAll" classname="com.example.sqlparser.parser.SqlParserAdvancedTest" time="0.0"/>
  <testcase name="testComplexCteQuery" classname="com.example.sqlparser.parser.SqlParserAdvancedTest" time="0.003"/>
  <testcase name="testInsertSelectWithLineage" classname="com.example.sqlparser.parser.SqlParserAdvancedTest" time="0.001"/>
  <testcase name="testLineageTracesToSource" classname="com.example.sqlparser.parser.SqlParserAdvancedTest" time="0.001"/>
</testsuite>